Analysis & Synthesis report for maxV_chip
Thu Jan 02 16:15:02 2020
Quartus Prime Version 18.1.0 Build 625 09/12/2018 SJ Lite Edition


---------------------
; Table of Contents ;
---------------------
  1. Legal Notice
  2. Analysis & Synthesis Summary
  3. Analysis & Synthesis Settings
  4. Parallel Compilation
  5. Analysis & Synthesis Source Files Read
  6. Analysis & Synthesis Resource Usage Summary
  7. Analysis & Synthesis Resource Utilization by Entity
  8. State Machine - |MAXV_CHIP|CYCLE_TYPE
  9. State Machine - |MAXV_CHIP|LPC_CURRENT_STATE
 10. Registers Removed During Synthesis
 11. General Register Statistics
 12. Inverted Register Statistics
 13. Multiplexer Restructuring Statistics (No Restructuring Performed)
 14. Port Connectivity Checks: "pwm:PW"
 15. Analysis & Synthesis Messages



----------------
; Legal Notice ;
----------------
Copyright (C) 2018  Intel Corporation. All rights reserved.
Your use of Intel Corporation's design tools, logic functions 
and other software and tools, and its AMPP partner logic 
functions, and any output files from any of the foregoing 
(including device programming or simulation files), and any 
associated documentation or information are expressly subject 
to the terms and conditions of the Intel Program License 
Subscription Agreement, the Intel Quartus Prime License Agreement,
the Intel FPGA IP License Agreement, or other applicable license
agreement, including, without limitation, that your use is for
the sole purpose of programming logic devices manufactured by
Intel and sold by Intel or its authorized distributors.  Please
refer to the applicable agreement for further details.



+---------------------------------------------------------------------------+
; Analysis & Synthesis Summary                                              ;
+-----------------------------+---------------------------------------------+
; Analysis & Synthesis Status ; Successful - Thu Jan 02 16:15:02 2020       ;
; Quartus Prime Version       ; 18.1.0 Build 625 09/12/2018 SJ Lite Edition ;
; Revision Name               ; maxV_chip                                   ;
; Top-level Entity Name       ; MAXV_CHIP                                   ;
; Family                      ; MAX V                                       ;
; Total logic elements        ; 154                                         ;
; Total pins                  ; 49                                          ;
; Total virtual pins          ; 0                                           ;
; UFM blocks                  ; 0 / 1 ( 0 % )                               ;
+-----------------------------+---------------------------------------------+


+------------------------------------------------------------------------------------------------------------+
; Analysis & Synthesis Settings                                                                              ;
+------------------------------------------------------------------+--------------------+--------------------+
; Option                                                           ; Setting            ; Default Value      ;
+------------------------------------------------------------------+--------------------+--------------------+
; Device                                                           ; 5M160ZE64C5        ;                    ;
; Top-level entity name                                            ; maxV_chip          ; maxV_chip          ;
; Family name                                                      ; MAX V              ; Cyclone V          ;
; Maximum processors allowed for parallel compilation              ; 4                  ;                    ;
; Restructure Multiplexers                                         ; Off                ; Auto               ;
; Use smart compilation                                            ; Off                ; Off                ;
; Enable parallel Assembler and Timing Analyzer during compilation ; On                 ; On                 ;
; Enable compact report table                                      ; Off                ; Off                ;
; Create Debugging Nodes for IP Cores                              ; Off                ; Off                ;
; Preserve fewer node names                                        ; On                 ; On                 ;
; Intel FPGA IP Evaluation Mode                                    ; Enable             ; Enable             ;
; Verilog Version                                                  ; Verilog_2001       ; Verilog_2001       ;
; VHDL Version                                                     ; VHDL_1993          ; VHDL_1993          ;
; State Machine Processing                                         ; Auto               ; Auto               ;
; Safe State Machine                                               ; Off                ; Off                ;
; Extract Verilog State Machines                                   ; On                 ; On                 ;
; Extract VHDL State Machines                                      ; On                 ; On                 ;
; Ignore Verilog initial constructs                                ; Off                ; Off                ;
; Iteration limit for constant Verilog loops                       ; 5000               ; 5000               ;
; Iteration limit for non-constant Verilog loops                   ; 250                ; 250                ;
; Add Pass-Through Logic to Inferred RAMs                          ; On                 ; On                 ;
; Infer RAMs from Raw Logic                                        ; On                 ; On                 ;
; Parallel Synthesis                                               ; On                 ; On                 ;
; NOT Gate Push-Back                                               ; On                 ; On                 ;
; Power-Up Don't Care                                              ; On                 ; On                 ;
; Remove Redundant Logic Cells                                     ; Off                ; Off                ;
; Remove Duplicate Registers                                       ; On                 ; On                 ;
; Ignore CARRY Buffers                                             ; Off                ; Off                ;
; Ignore CASCADE Buffers                                           ; Off                ; Off                ;
; Ignore GLOBAL Buffers                                            ; Off                ; Off                ;
; Ignore ROW GLOBAL Buffers                                        ; Off                ; Off                ;
; Ignore LCELL Buffers                                             ; Off                ; Off                ;
; Ignore SOFT Buffers                                              ; On                 ; On                 ;
; Limit AHDL Integers to 32 Bits                                   ; Off                ; Off                ;
; Optimization Technique                                           ; Balanced           ; Balanced           ;
; Carry Chain Length                                               ; 70                 ; 70                 ;
; Auto Carry Chains                                                ; On                 ; On                 ;
; Auto Open-Drain Pins                                             ; On                 ; On                 ;
; Perform WYSIWYG Primitive Resynthesis                            ; Off                ; Off                ;
; Auto Shift Register Replacement                                  ; Auto               ; Auto               ;
; Allow Shift Register Merging across Hierarchies                  ; Auto               ; Auto               ;
; Auto Clock Enable Replacement                                    ; On                 ; On                 ;
; Allow Synchronous Control Signals                                ; On                 ; On                 ;
; Force Use of Synchronous Clear Signals                           ; Off                ; Off                ;
; Auto Resource Sharing                                            ; Off                ; Off                ;
; Use LogicLock Constraints during Resource Balancing              ; On                 ; On                 ;
; Ignore translate_off and synthesis_off directives                ; Off                ; Off                ;
; Report Parameter Settings                                        ; On                 ; On                 ;
; Report Source Assignments                                        ; On                 ; On                 ;
; Report Connectivity Checks                                       ; On                 ; On                 ;
; Ignore Maximum Fan-Out Assignments                               ; Off                ; Off                ;
; Synchronization Register Chain Length                            ; 2                  ; 2                  ;
; Power Optimization During Synthesis                              ; Normal compilation ; Normal compilation ;
; HDL message level                                                ; Level2             ; Level2             ;
; Suppress Register Optimization Related Messages                  ; Off                ; Off                ;
; Number of Removed Registers Reported in Synthesis Report         ; 5000               ; 5000               ;
; Number of Swept Nodes Reported in Synthesis Report               ; 5000               ; 5000               ;
; Number of Inverted Registers Reported in Synthesis Report        ; 100                ; 100                ;
; Clock MUX Protection                                             ; On                 ; On                 ;
; Block Design Naming                                              ; Auto               ; Auto               ;
; Synthesis Effort                                                 ; Auto               ; Auto               ;
; Shift Register Replacement - Allow Asynchronous Clear Signal     ; On                 ; On                 ;
; Analysis & Synthesis Message Level                               ; Medium             ; Medium             ;
; Disable Register Merging Across Hierarchies                      ; Auto               ; Auto               ;
+------------------------------------------------------------------+--------------------+--------------------+


+------------------------------------------+
; Parallel Compilation                     ;
+----------------------------+-------------+
; Processors                 ; Number      ;
+----------------------------+-------------+
; Number detected on machine ; 12          ;
; Maximum allowed            ; 4           ;
;                            ;             ;
; Average used               ; 1.00        ;
; Maximum used               ; 1           ;
;                            ;             ;
; Usage by Processor         ; % Time Used ;
;     Processor 1            ; 100.0%      ;
+----------------------------+-------------+


+-----------------------------------------------------------------------------------------------------------------------------------------------------+
; Analysis & Synthesis Source Files Read                                                                                                              ;
+----------------------------------+-----------------+-----------------+--------------------------------------------------------------------+---------+
; File Name with User-Entered Path ; Used in Netlist ; File Type       ; File Name with Absolute Path                                       ; Library ;
+----------------------------------+-----------------+-----------------+--------------------------------------------------------------------+---------+
; maxV_pwm.vhd                     ; yes             ; User VHDL File  ; C:/Users/aaron/Documents/00-CPLD/lastBlast/maxV_chip/maxV_pwm.vhd  ;         ;
; maxV_chip.vhd                    ; yes             ; User VHDL File  ; C:/Users/aaron/Documents/00-CPLD/lastBlast/maxV_chip/maxV_chip.vhd ;         ;
+----------------------------------+-----------------+-----------------+--------------------------------------------------------------------+---------+


+-------------------------------------------------------+
; Analysis & Synthesis Resource Usage Summary           ;
+---------------------------------------------+---------+
; Resource                                    ; Usage   ;
+---------------------------------------------+---------+
; Total logic elements                        ; 154     ;
;     -- Combinational with no register       ; 79      ;
;     -- Register only                        ; 44      ;
;     -- Combinational with a register        ; 31      ;
;                                             ;         ;
; Logic element usage by number of LUT inputs ;         ;
;     -- 4 input functions                    ; 50      ;
;     -- 3 input functions                    ; 33      ;
;     -- 2 input functions                    ; 24      ;
;     -- 1 input functions                    ; 3       ;
;     -- 0 input functions                    ; 0       ;
;                                             ;         ;
; Logic elements by mode                      ;         ;
;     -- normal mode                          ; 144     ;
;     -- arithmetic mode                      ; 10      ;
;     -- qfbk mode                            ; 0       ;
;     -- register cascade mode                ; 0       ;
;     -- synchronous clear/load mode          ; 4       ;
;     -- asynchronous clear/load mode         ; 16      ;
;                                             ;         ;
; Total registers                             ; 75      ;
; Total logic cells in carry chains           ; 11      ;
; I/O pins                                    ; 49      ;
; Maximum fan-out node                        ; LPC_CLK ;
; Maximum fan-out                             ; 75      ;
; Total fan-out                               ; 597     ;
; Average fan-out                             ; 2.94    ;
+---------------------------------------------+---------+


+------------------------------------------------------------------------------------------------------------------------------------------------------------------------------------------------------------------------------------+
; Analysis & Synthesis Resource Utilization by Entity                                                                                                                                                                                ;
+----------------------------+-------------+--------------+------------+------+--------------+--------------+-------------------+------------------+-----------------+------------+---------------------+-------------+--------------+
; Compilation Hierarchy Node ; Logic Cells ; LC Registers ; UFM Blocks ; Pins ; Virtual Pins ; LUT-Only LCs ; Register-Only LCs ; LUT/Register LCs ; Carry Chain LCs ; Packed LCs ; Full Hierarchy Name ; Entity Name ; Library Name ;
+----------------------------+-------------+--------------+------------+------+--------------+--------------+-------------------+------------------+-----------------+------------+---------------------+-------------+--------------+
; |MAXV_CHIP                 ; 154 (127)   ; 75           ; 0          ; 49   ; 0            ; 79 (63)      ; 44 (35)           ; 31 (29)          ; 11 (0)          ; 0 (0)      ; |MAXV_CHIP          ; MAXV_CHIP   ; work         ;
;    |pwm:PW|                ; 27 (27)     ; 11           ; 0          ; 0    ; 0            ; 16 (16)      ; 9 (9)             ; 2 (2)            ; 11 (11)         ; 0 (0)      ; |MAXV_CHIP|pwm:PW   ; pwm         ; work         ;
+----------------------------+-------------+--------------+------------+------+--------------+--------------+-------------------+------------------+-----------------+------------+---------------------+-------------+--------------+
Note: For table entries with two numbers listed, the numbers in parentheses indicate the number of resources of the given type used by the specific entity alone. The numbers listed outside of parentheses indicate the total resources of the given type used by the specific entity and all of its sub-entities in the hierarchy.


Encoding Type:  One-Hot
+--------------------------------------------------------------------------------------------------------------+
; State Machine - |MAXV_CHIP|CYCLE_TYPE                                                                        ;
+----------------------+----------------------+---------------------+---------------------+--------------------+
; Name                 ; CYCLE_TYPE.MEM_WRITE ; CYCLE_TYPE.MEM_READ ; CYCLE_TYPE.IO_WRITE ; CYCLE_TYPE.IO_READ ;
+----------------------+----------------------+---------------------+---------------------+--------------------+
; CYCLE_TYPE.IO_READ   ; 0                    ; 0                   ; 0                   ; 0                  ;
; CYCLE_TYPE.IO_WRITE  ; 0                    ; 0                   ; 1                   ; 1                  ;
; CYCLE_TYPE.MEM_READ  ; 0                    ; 1                   ; 0                   ; 1                  ;
; CYCLE_TYPE.MEM_WRITE ; 1                    ; 0                   ; 0                   ; 1                  ;
+----------------------+----------------------+---------------------+---------------------+--------------------+


Encoding Type:  One-Hot
+----------------------------------------------------------------------------------------------------------------------------------------------------------------------------------------------------------------------------------------------------------------------------------------------------------------------------------------------------------------------------------------------------+
; State Machine - |MAXV_CHIP|LPC_CURRENT_STATE                                                                                                                                                                                                                                                                                                                                                       ;
+---------------------------------+----------------------------+---------------------------------+------------------------+------------------------+------------------------+------------------------------+------------------------------+-------------------------------+-------------------------------+---------------------------+-------------------------------+------------------------------+
; Name                            ; LPC_CURRENT_STATE.TAR_EXIT ; LPC_CURRENT_STATE.SYNC_COMPLETE ; LPC_CURRENT_STATE.SYNC ; LPC_CURRENT_STATE.TAR2 ; LPC_CURRENT_STATE.TAR1 ; LPC_CURRENT_STATE.READ_DATA1 ; LPC_CURRENT_STATE.READ_DATA0 ; LPC_CURRENT_STATE.WRITE_DATA1 ; LPC_CURRENT_STATE.WRITE_DATA0 ; LPC_CURRENT_STATE.ADDRESS ; LPC_CURRENT_STATE.CYCTYPE_DIR ; LPC_CURRENT_STATE.WAIT_START ;
+---------------------------------+----------------------------+---------------------------------+------------------------+------------------------+------------------------+------------------------------+------------------------------+-------------------------------+-------------------------------+---------------------------+-------------------------------+------------------------------+
; LPC_CURRENT_STATE.WAIT_START    ; 0                          ; 0                               ; 0                      ; 0                      ; 0                      ; 0                            ; 0                            ; 0                             ; 0                             ; 0                         ; 0                             ; 0                            ;
; LPC_CURRENT_STATE.CYCTYPE_DIR   ; 0                          ; 0                               ; 0                      ; 0                      ; 0                      ; 0                            ; 0                            ; 0                             ; 0                             ; 0                         ; 1                             ; 1                            ;
; LPC_CURRENT_STATE.ADDRESS       ; 0                          ; 0                               ; 0                      ; 0                      ; 0                      ; 0                            ; 0                            ; 0                             ; 0                             ; 1                         ; 0                             ; 1                            ;
; LPC_CURRENT_STATE.WRITE_DATA0   ; 0                          ; 0                               ; 0                      ; 0                      ; 0                      ; 0                            ; 0                            ; 0                             ; 1                             ; 0                         ; 0                             ; 1                            ;
; LPC_CURRENT_STATE.WRITE_DATA1   ; 0                          ; 0                               ; 0                      ; 0                      ; 0                      ; 0                            ; 0                            ; 1                             ; 0                             ; 0                         ; 0                             ; 1                            ;
; LPC_CURRENT_STATE.READ_DATA0    ; 0                          ; 0                               ; 0                      ; 0                      ; 0                      ; 0                            ; 1                            ; 0                             ; 0                             ; 0                         ; 0                             ; 1                            ;
; LPC_CURRENT_STATE.READ_DATA1    ; 0                          ; 0                               ; 0                      ; 0                      ; 0                      ; 1                            ; 0                            ; 0                             ; 0                             ; 0                         ; 0                             ; 1                            ;
; LPC_CURRENT_STATE.TAR1          ; 0                          ; 0                               ; 0                      ; 0                      ; 1                      ; 0                            ; 0                            ; 0                             ; 0                             ; 0                         ; 0                             ; 1                            ;
; LPC_CURRENT_STATE.TAR2          ; 0                          ; 0                               ; 0                      ; 1                      ; 0                      ; 0                            ; 0                            ; 0                             ; 0                             ; 0                         ; 0                             ; 1                            ;
; LPC_CURRENT_STATE.SYNC          ; 0                          ; 0                               ; 1                      ; 0                      ; 0                      ; 0                            ; 0                            ; 0                             ; 0                             ; 0                         ; 0                             ; 1                            ;
; LPC_CURRENT_STATE.SYNC_COMPLETE ; 0                          ; 1                               ; 0                      ; 0                      ; 0                      ; 0                            ; 0                            ; 0                             ; 0                             ; 0                         ; 0                             ; 1                            ;
; LPC_CURRENT_STATE.TAR_EXIT      ; 1                          ; 0                               ; 0                      ; 0                      ; 0                      ; 0                            ; 0                            ; 0                             ; 0                             ; 0                         ; 0                             ; 1                            ;
+---------------------------------+----------------------------+---------------------------------+------------------------+------------------------+------------------------+------------------------------+------------------------------+-------------------------------+-------------------------------+---------------------------+-------------------------------+------------------------------+


+--------------------------------------------------------------------------------+
; Registers Removed During Synthesis                                             ;
+---------------------------------------+----------------------------------------+
; Register name                         ; Reason for Removal                     ;
+---------------------------------------+----------------------------------------+
; control_D0~reg0                       ; Stuck at GND due to stuck port data_in ;
; Total Number of Removed Registers = 1 ;                                        ;
+---------------------------------------+----------------------------------------+


+------------------------------------------------------+
; General Register Statistics                          ;
+----------------------------------------------+-------+
; Statistic                                    ; Value ;
+----------------------------------------------+-------+
; Total registers                              ; 75    ;
; Number of registers using Synchronous Clear  ; 4     ;
; Number of registers using Synchronous Load   ; 0     ;
; Number of registers using Asynchronous Clear ; 16    ;
; Number of registers using Asynchronous Load  ; 0     ;
; Number of registers using Clock Enable       ; 51    ;
; Number of registers using Preset             ; 0     ;
+----------------------------------------------+-------+


+--------------------------------------------------+
; Inverted Register Statistics                     ;
+----------------------------------------+---------+
; Inverted Register                      ; Fan out ;
+----------------------------------------+---------+
; REG_XBLAST_CONTROL[1]                  ; 3       ;
; REG_XBLAST_CONTROL[0]                  ; 3       ;
; Total number of inverted registers = 2 ;         ;
+----------------------------------------+---------+


+------------------------------------------------------------------------------------------------------------------------------------------+
; Multiplexer Restructuring Statistics (No Restructuring Performed)                                                                        ;
+--------------------+-----------+---------------+----------------------+------------------------+------------+----------------------------+
; Multiplexer Inputs ; Bus Width ; Baseline Area ; Area if Restructured ; Saving if Restructured ; Registered ; Example Multiplexer Output ;
+--------------------+-----------+---------------+----------------------+------------------------+------------+----------------------------+
; 3:1                ; 3 bits    ; 6 LEs         ; 3 LEs                ; 3 LEs                  ; Yes        ; |MAXV_CHIP|READBUFFER[2]   ;
; 3:1                ; 5 bits    ; 10 LEs        ; 5 LEs                ; 5 LEs                  ; Yes        ; |MAXV_CHIP|READBUFFER[5]   ;
; 7:1                ; 2 bits    ; 8 LEs         ; 4 LEs                ; 4 LEs                  ; Yes        ; |MAXV_CHIP|COUNT[0]        ;
; 8:1                ; 3 bits    ; 15 LEs        ; 9 LEs                ; 6 LEs                  ; No         ; |MAXV_CHIP|CYCLE_TYPE      ;
; 6:1                ; 4 bits    ; 16 LEs        ; 12 LEs               ; 4 LEs                  ; No         ; |MAXV_CHIP|LPC_LAD[0]      ;
; 12:1               ; 3 bits    ; 24 LEs        ; 12 LEs               ; 12 LEs                 ; No         ; |MAXV_CHIP|Selector3       ;
+--------------------+-----------+---------------+----------------------+------------------------+------------+----------------------------+


+-----------------------------------------+
; Port Connectivity Checks: "pwm:PW"      ;
+-------+-------+----------+--------------+
; Port  ; Type  ; Severity ; Details      ;
+-------+-------+----------+--------------+
; reset ; Input ; Info     ; Stuck at GND ;
; pos   ; Input ; Info     ; Stuck at GND ;
+-------+-------+----------+--------------+


+-------------------------------+
; Analysis & Synthesis Messages ;
+-------------------------------+
Info: *******************************************************************
Info: Running Quartus Prime Analysis & Synthesis
    Info: Version 18.1.0 Build 625 09/12/2018 SJ Lite Edition
    Info: Processing started: Thu Jan 02 16:14:52 2020
Info: Command: quartus_map --read_settings_files=on --write_settings_files=off maxV_chip -c maxV_chip
Info (16303): Aggressive Performance optimization mode selected -- timing performance will be prioritized at the potential cost of increased logic area and compilation time
Info (20032): Parallel compilation is enabled and will use up to 4 processors
Info (12021): Found 2 design units, including 1 entities, in source file maxv_pwm.vhd
    Info (12022): Found design unit 1: pwm-Behavioral File: C:/Users/aaron/Documents/00-CPLD/lastBlast/maxV_chip/maxV_pwm.vhd Line: 19
    Info (12023): Found entity 1: pwm File: C:/Users/aaron/Documents/00-CPLD/lastBlast/maxV_chip/maxV_pwm.vhd Line: 10
Info (12021): Found 2 design units, including 1 entities, in source file maxv_chip.vhd
    Info (12022): Found design unit 1: MAXV_CHIP-Behavioral File: C:/Users/aaron/Documents/00-CPLD/lastBlast/maxV_chip/maxV_chip.vhd Line: 95
    Info (12023): Found entity 1: MAXV_CHIP File: C:/Users/aaron/Documents/00-CPLD/lastBlast/maxV_chip/maxV_chip.vhd Line: 63
Info (12127): Elaborating entity "maxV_chip" for the top level hierarchy
Warning (10036): Verilog HDL or VHDL warning at maxV_chip.vhd(164): object "REG_XBLAST_IO" assigned a value but never read File: C:/Users/aaron/Documents/00-CPLD/lastBlast/maxV_chip/maxV_chip.vhd Line: 164
Warning (10036): Verilog HDL or VHDL warning at maxV_chip.vhd(186): object "REG_XODUS_CONTROL" assigned a value but never read File: C:/Users/aaron/Documents/00-CPLD/lastBlast/maxV_chip/maxV_chip.vhd Line: 186
Warning (10036): Verilog HDL or VHDL warning at maxV_chip.vhd(188): object "REG_LCD_BL" assigned a value but never read File: C:/Users/aaron/Documents/00-CPLD/lastBlast/maxV_chip/maxV_chip.vhd Line: 188
Warning (10036): Verilog HDL or VHDL warning at maxV_chip.vhd(189): object "REG_LCD_CT" assigned a value but never read File: C:/Users/aaron/Documents/00-CPLD/lastBlast/maxV_chip/maxV_chip.vhd Line: 189
Warning (10540): VHDL Signal Declaration warning at maxV_chip.vhd(195): used explicit default value for signal "REG_SYSCON_REG_READ" because signal was never assigned a value File: C:/Users/aaron/Documents/00-CPLD/lastBlast/maxV_chip/maxV_chip.vhd Line: 195
Warning (10541): VHDL Signal Declaration warning at maxV_chip.vhd(196): used implicit default value for signal "REG_XBLAST_IO_READ" because signal was never assigned a value or an explicit default value. Use of implicit default value may introduce unintended design optimizations. File: C:/Users/aaron/Documents/00-CPLD/lastBlast/maxV_chip/maxV_chip.vhd Line: 196
Warning (10540): VHDL Signal Declaration warning at maxV_chip.vhd(200): used explicit default value for signal "reset" because signal was never assigned a value File: C:/Users/aaron/Documents/00-CPLD/lastBlast/maxV_chip/maxV_chip.vhd Line: 200
Warning (10540): VHDL Signal Declaration warning at maxV_chip.vhd(202): used explicit default value for signal "pos" because signal was never assigned a value File: C:/Users/aaron/Documents/00-CPLD/lastBlast/maxV_chip/maxV_chip.vhd Line: 202
Info (12128): Elaborating entity "pwm" for hierarchy "pwm:PW" File: C:/Users/aaron/Documents/00-CPLD/lastBlast/maxV_chip/maxV_chip.vhd Line: 235
Warning (13024): Output pins are stuck at VCC or GND
    Warning (13410): Pin "control_D0" is stuck at GND File: C:/Users/aaron/Documents/00-CPLD/lastBlast/maxV_chip/maxV_chip.vhd Line: 82
Warning (21074): Design contains 1 input pin(s) that do not drive logic
    Warning (15610): No output dependent on input pin "LCD_PWM" File: C:/Users/aaron/Documents/00-CPLD/lastBlast/maxV_chip/maxV_chip.vhd Line: 90
Info (21057): Implemented 203 device resources after synthesis - the final resource count might be different
    Info (21058): Implemented 3 input pins
    Info (21059): Implemented 34 output pins
    Info (21060): Implemented 12 bidirectional pins
    Info (21061): Implemented 154 logic cells
Info: Quartus Prime Analysis & Synthesis was successful. 0 errors, 12 warnings
    Info: Peak virtual memory: 4769 megabytes
    Info: Processing ended: Thu Jan 02 16:15:02 2020
    Info: Elapsed time: 00:00:10
    Info: Total CPU time (on all processors): 00:00:22


