Fitter report for maxV_chip
Sun Dec 15 20:23:39 2019
Quartus Prime Version 18.1.0 Build 625 09/12/2018 SJ Lite Edition


---------------------
; Table of Contents ;
---------------------
  1. Legal Notice
  2. Fitter Summary
  3. Fitter Settings
  4. Parallel Compilation
  5. Fitter Netlist Optimizations
  6. Ignored Assignments
  7. Pin-Out File
  8. Fitter Resource Usage Summary
  9. Input Pins
 10. Output Pins
 11. Bidir Pins
 12. I/O Bank Usage
 13. All Package Pins
 14. Output Pin Default Load For Reported TCO
 15. I/O Assignment Warnings
 16. Fitter Resource Utilization by Entity
 17. Delay Chain Summary
 18. Control Signals
 19. Global & Other Fast Signals
 20. Routing Usage Summary
 21. LAB Logic Elements
 22. LAB-wide Signals
 23. LAB Signals Sourced
 24. LAB Signals Sourced Out
 25. LAB Distinct Inputs
 26. Fitter Device Options
 27. Fitter Messages
 28. Fitter Suppressed Messages



----------------
; Legal Notice ;
----------------
Copyright (C) 2018  Intel Corporation. All rights reserved.
Your use of Intel Corporation's design tools, logic functions 
and other software and tools, and its AMPP partner logic 
functions, and any output files from any of the foregoing 
(including device programming or simulation files), and any 
associated documentation or information are expressly subject 
to the terms and conditions of the Intel Program License 
Subscription Agreement, the Intel Quartus Prime License Agreement,
the Intel FPGA IP License Agreement, or other applicable license
agreement, including, without limitation, that your use is for
the sole purpose of programming logic devices manufactured by
Intel and sold by Intel or its authorized distributors.  Please
refer to the applicable agreement for further details.



+---------------------------------------------------------------------+
; Fitter Summary                                                      ;
+-----------------------+---------------------------------------------+
; Fitter Status         ; Successful - Sun Dec 15 20:23:39 2019       ;
; Quartus Prime Version ; 18.1.0 Build 625 09/12/2018 SJ Lite Edition ;
; Revision Name         ; maxV_chip                                   ;
; Top-level Entity Name ; MAXV_CHIP                                   ;
; Family                ; MAX V                                       ;
; Device                ; 5M160ZE64C5                                 ;
; Timing Models         ; Final                                       ;
; Total logic elements  ; 138 / 160 ( 86 % )                          ;
; Total pins            ; 49 / 54 ( 91 % )                            ;
; Total virtual pins    ; 0                                           ;
; UFM blocks            ; 0 / 1 ( 0 % )                               ;
+-----------------------+---------------------------------------------+


+--------------------------------------------------------------------------------------------------------------------------------------+
; Fitter Settings                                                                                                                      ;
+--------------------------------------------------------------------+--------------------------------+--------------------------------+
; Option                                                             ; Setting                        ; Default Value                  ;
+--------------------------------------------------------------------+--------------------------------+--------------------------------+
; Device                                                             ; 5M160ZE64C5                    ;                                ;
; Maximum processors allowed for parallel compilation                ; 4                              ;                                ;
; Minimum Core Junction Temperature                                  ; 0                              ;                                ;
; Maximum Core Junction Temperature                                  ; 85                             ;                                ;
; Router Timing Optimization Level                                   ; MAXIMUM                        ; Normal                         ;
; Placement Effort Multiplier                                        ; 4.0                            ; 1.0                            ;
; Fit Attempts to Skip                                               ; 0                              ; 0.0                            ;
; Perform Physical Synthesis for Combinational Logic for Performance ; On                             ; Off                            ;
; Perform Register Retiming for Performance                          ; On                             ; Off                            ;
; Fitter Effort                                                      ; Standard Fit                   ; Auto Fit                       ;
; Use smart compilation                                              ; Off                            ; Off                            ;
; Enable parallel Assembler and Timing Analyzer during compilation   ; On                             ; On                             ;
; Enable compact report table                                        ; Off                            ; Off                            ;
; Router Effort Multiplier                                           ; 1.0                            ; 1.0                            ;
; Always Enable Input Buffers                                        ; Off                            ; Off                            ;
; Optimize Hold Timing                                               ; IO Paths and Minimum TPD Paths ; IO Paths and Minimum TPD Paths ;
; Optimize Multi-Corner Timing                                       ; Off                            ; Off                            ;
; Guarantee I/O Paths Have Zero Hold Time at Fast Corner             ; On                             ; On                             ;
; Power Optimization During Fitting                                  ; Normal compilation             ; Normal compilation             ;
; Optimize Timing                                                    ; Normal compilation             ; Normal compilation             ;
; Optimize Timing for ECOs                                           ; Off                            ; Off                            ;
; Regenerate Full Fit Report During ECO Compiles                     ; Off                            ; Off                            ;
; Optimize IOC Register Placement for Timing                         ; Normal                         ; Normal                         ;
; Limit to One Fitting Attempt                                       ; Off                            ; Off                            ;
; Final Placement Optimizations                                      ; Automatically                  ; Automatically                  ;
; Fitter Aggressive Routability Optimizations                        ; Automatically                  ; Automatically                  ;
; Fitter Initial Placement Seed                                      ; 1                              ; 1                              ;
; Periphery to Core Placement and Routing Optimization               ; Off                            ; Off                            ;
; Slow Slew Rate                                                     ; Off                            ; Off                            ;
; PCI I/O                                                            ; Off                            ; Off                            ;
; Weak Pull-Up Resistor                                              ; Off                            ; Off                            ;
; Enable Bus-Hold Circuitry                                          ; Off                            ; Off                            ;
; Auto Delay Chains                                                  ; On                             ; On                             ;
; Auto Delay Chains for High Fanout Input Pins                       ; Off                            ; Off                            ;
; Perform Register Duplication for Performance                       ; Off                            ; Off                            ;
; Perform Asynchronous Signal Pipelining                             ; Off                            ; Off                            ;
; Physical Synthesis Effort Level                                    ; Normal                         ; Normal                         ;
; Logic Cell Insertion - Logic Duplication                           ; Auto                           ; Auto                           ;
; Auto Register Duplication                                          ; Auto                           ; Auto                           ;
; Auto Global Clock                                                  ; On                             ; On                             ;
; Auto Global Register Control Signals                               ; On                             ; On                             ;
; Force Fitter to Avoid Periphery Placement Warnings                 ; Off                            ; Off                            ;
+--------------------------------------------------------------------+--------------------------------+--------------------------------+


+------------------------------------------+
; Parallel Compilation                     ;
+----------------------------+-------------+
; Processors                 ; Number      ;
+----------------------------+-------------+
; Number detected on machine ; 12          ;
; Maximum allowed            ; 4           ;
;                            ;             ;
; Average used               ; 1.05        ;
; Maximum used               ; 4           ;
;                            ;             ;
; Usage by Processor         ; % Time Used ;
;     Processor 1            ; 100.0%      ;
;     Processor 2            ;   1.8%      ;
;     Processors 3-4         ;   1.6%      ;
+----------------------------+-------------+


+-------------------------------------------------------------------------------------------------------------------------------------------------------------------------------+
; Fitter Netlist Optimizations                                                                                                                                                  ;
+----------------------+------------------+--------------------+---------------------+-----------+----------------+------------------+------------------+-----------------------+
; Node                 ; Action           ; Operation          ; Reason              ; Node Port ; Node Port Name ; Destination Node ; Destination Port ; Destination Port Name ;
+----------------------+------------------+--------------------+---------------------+-----------+----------------+------------------+------------------+-----------------------+
; pwm:PW|cnt[10]_RTM01 ; Modified         ; Physical Synthesis ; Timing optimization ;           ;                ;                  ;                  ;                       ;
; pwm:PW|cnt[10]_RTM01 ; Retimed Register ; Physical Synthesis ; Timing optimization ;           ;                ;                  ;                  ;                       ;
; pwm:PW|cnt[10]_RTM02 ; Modified         ; Physical Synthesis ; Timing optimization ;           ;                ;                  ;                  ;                       ;
; pwm:PW|cnt[10]_RTM02 ; Retimed Register ; Physical Synthesis ; Timing optimization ;           ;                ;                  ;                  ;                       ;
+----------------------+------------------+--------------------+---------------------+-----------+----------------+------------------+------------------+-----------------------+


+-----------------------------------------------------------------------------------------------------+
; Ignored Assignments                                                                                 ;
+-----------------------+----------------+--------------+------------+---------------+----------------+
; Name                  ; Ignored Entity ; Ignored From ; Ignored To ; Ignored Value ; Ignored Source ;
+-----------------------+----------------+--------------+------------+---------------+----------------+
; Location              ;                ;              ; BANK[0]    ; PIN_19        ; QSF Assignment ;
; Location              ;                ;              ; BANK[1]    ; PIN_18        ; QSF Assignment ;
; Location              ;                ;              ; BANK[2]    ; PIN_13        ; QSF Assignment ;
; Location              ;                ;              ; CLK_50MHZ  ; PIN_7         ; QSF Assignment ;
; Location              ;                ;              ; LEDS[0]    ; PIN_64        ; QSF Assignment ;
; Location              ;                ;              ; LEDS[1]    ; PIN_63        ; QSF Assignment ;
; Location              ;                ;              ; LEDS[2]    ; PIN_1         ; QSF Assignment ;
; I/O Standard          ; MAXV_CHIP      ;              ; BANK[0]    ; 3.3-V LVTTL   ; QSF Assignment ;
; I/O Standard          ; MAXV_CHIP      ;              ; BANK[1]    ; 3.3-V LVTTL   ; QSF Assignment ;
; I/O Standard          ; MAXV_CHIP      ;              ; BANK[2]    ; 3.3-V LVTTL   ; QSF Assignment ;
; I/O Standard          ; MAXV_CHIP      ;              ; CLK_50MHZ  ; 3.3-V LVCMOS  ; QSF Assignment ;
; I/O Standard          ; MAXV_CHIP      ;              ; LEDS[0]    ; 3.3-V LVCMOS  ; QSF Assignment ;
; I/O Standard          ; MAXV_CHIP      ;              ; LEDS[1]    ; 3.3-V LVCMOS  ; QSF Assignment ;
; I/O Standard          ; MAXV_CHIP      ;              ; LEDS[2]    ; 3.3-V LVCMOS  ; QSF Assignment ;
; Weak Pull-Up Resistor ; MAXV_CHIP      ;              ; BANK[0]    ; ON            ; QSF Assignment ;
; Weak Pull-Up Resistor ; MAXV_CHIP      ;              ; BANK[1]    ; ON            ; QSF Assignment ;
; Weak Pull-Up Resistor ; MAXV_CHIP      ;              ; BANK[2]    ; ON            ; QSF Assignment ;
+-----------------------+----------------+--------------+------------+---------------+----------------+


+--------------+
; Pin-Out File ;
+--------------+
The pin-out file can be found in C:/Users/aaron/Documents/00-CPLD/maxV_chip/output_files/maxV_chip.pin.


+---------------------------------------------------------------------+
; Fitter Resource Usage Summary                                       ;
+---------------------------------------------+-----------------------+
; Resource                                    ; Usage                 ;
+---------------------------------------------+-----------------------+
; Total logic elements                        ; 138 / 160 ( 86 % )    ;
;     -- Combinational with no register       ; 60                    ;
;     -- Register only                        ; 27                    ;
;     -- Combinational with a register        ; 51                    ;
;                                             ;                       ;
; Logic element usage by number of LUT inputs ;                       ;
;     -- 4 input functions                    ; 55                    ;
;     -- 3 input functions                    ; 32                    ;
;     -- 2 input functions                    ; 21                    ;
;     -- 1 input functions                    ; 3                     ;
;     -- 0 input functions                    ; 0                     ;
;                                             ;                       ;
; Logic elements by mode                      ;                       ;
;     -- normal mode                          ; 128                   ;
;     -- arithmetic mode                      ; 10                    ;
;     -- qfbk mode                            ; 19                    ;
;     -- register cascade mode                ; 0                     ;
;     -- synchronous clear/load mode          ; 39                    ;
;     -- asynchronous clear/load mode         ; 16                    ;
;                                             ;                       ;
; Total registers                             ; 78 / 160 ( 49 % )     ;
; Total LABs                                  ; 16 / 16 ( 100 % )     ;
; Logic elements in carry chains              ; 11                    ;
; Virtual pins                                ; 0                     ;
; I/O pins                                    ; 49 / 54 ( 91 % )      ;
;     -- Clock pins                           ; 3 / 4 ( 75 % )        ;
;                                             ;                       ;
; UFM blocks                                  ; 0 / 1 ( 0 % )         ;
;                                             ;                       ;
;     -- Total Fixed Point DSP Blocks         ; 0                     ;
;     -- Total Floating Point DSP Blocks      ; 0                     ;
;                                             ;                       ;
; Global signals                              ; 2                     ;
;     -- Global clocks                        ; 2 / 4 ( 50 % )        ;
; JTAGs                                       ; 0 / 1 ( 0 % )         ;
; Average interconnect usage (total/H/V)      ; 17.2% / 18.1% / 16.3% ;
; Peak interconnect usage (total/H/V)         ; 17.2% / 18.1% / 16.3% ;
; Maximum fan-out                             ; 78                    ;
; Highest non-global fan-out                  ; 19                    ;
; Total fan-out                               ; 595                   ;
; Average fan-out                             ; 3.18                  ;
+---------------------------------------------+-----------------------+


+---------------------------------------------------------------------------------------------------------------------------------------------------------------------------------------------------------------------------------+
; Input Pins                                                                                                                                                                                                                      ;
+---------+-------+----------+--------------+--------------+-------------+-----------------------+--------------------+--------+-----------------+----------+--------------+--------------+----------------------+----------------+
; Name    ; Pin # ; I/O Bank ; X coordinate ; Y coordinate ; Cell number ; Combinational Fan-Out ; Registered Fan-Out ; Global ; PCI I/O Enabled ; Bus Hold ; Weak Pull Up ; I/O Standard ; Location assigned by ; Slow Slew Rate ;
+---------+-------+----------+--------------+--------------+-------------+-----------------------+--------------------+--------+-----------------+----------+--------------+--------------+----------------------+----------------+
; LCD_PWM ; 40    ; 2        ; 8            ; 2            ; 0           ; 0                     ; 0                  ; no     ; no              ; no       ; Off          ; 3.3-V LVTTL  ; User                 ; no             ;
; LPC_CLK ; 9     ; 1        ; 1            ; 2            ; 0           ; 78                    ; 0                  ; yes    ; no              ; no       ; Off          ; 3.3-V LVTTL  ; User                 ; no             ;
; LPC_RST ; 21    ; 1        ; 2            ; 0            ; 0           ; 27                    ; 0                  ; yes    ; no              ; no       ; Off          ; 3.3-V LVTTL  ; User                 ; no             ;
+---------+-------+----------+--------------+--------------+-------------+-----------------------+--------------------+--------+-----------------+----------+--------------+--------------+----------------------+----------------+


+-------------------------------------------------------------------------------------------------------------------------------------------------------------------------------------------------------------------------------------------------------------------------------------------------------------------------------------+
; Output Pins                                                                                                                                                                                                                                                                                                                         ;
+-------------------+-------+----------+--------------+--------------+-------------+-----------------+----------------+-----------------+------------+---------------+----------+--------------+--------------+------------------+------------------------+----------------------+-------+----------------------+---------------------+
; Name              ; Pin # ; I/O Bank ; X coordinate ; Y coordinate ; Cell number ; Output Register ; Slow Slew Rate ; PCI I/O Enabled ; Open Drain ; TRI Primitive ; Bus Hold ; Weak Pull Up ; I/O Standard ; Current Strength ; Fast Output Connection ; Location assigned by ; Load  ; Output Enable Source ; Output Enable Group ;
+-------------------+-------+----------+--------------+--------------+-------------+-----------------+----------------+-----------------+------------+---------------+----------+--------------+--------------+------------------+------------------------+----------------------+-------+----------------------+---------------------+
; FLASH_ADDRESS[0]  ; 61    ; 2        ; 2            ; 5            ; 0           ; no              ; no             ; no              ; no         ; no            ; no       ; Off          ; 3.3-V LVTTL  ; 16mA             ; no                     ; User                 ; 10 pF ; -                    ; -                   ;
; FLASH_ADDRESS[10] ; 33    ; 1        ; 7            ; 0            ; 1           ; no              ; no             ; no              ; no         ; no            ; no       ; Off          ; 3.3-V LVTTL  ; 16mA             ; no                     ; User                 ; 10 pF ; -                    ; -                   ;
; FLASH_ADDRESS[11] ; 32    ; 1        ; 7            ; 0            ; 2           ; no              ; no             ; no              ; no         ; no            ; no       ; Off          ; 3.3-V LVTTL  ; 16mA             ; no                     ; User                 ; 10 pF ; -                    ; -                   ;
; FLASH_ADDRESS[12] ; 31    ; 1        ; 6            ; 0            ; 0           ; no              ; no             ; no              ; no         ; no            ; no       ; Off          ; 3.3-V LVTTL  ; 16mA             ; no                     ; User                 ; 10 pF ; -                    ; -                   ;
; FLASH_ADDRESS[13] ; 30    ; 1        ; 6            ; 0            ; 1           ; no              ; no             ; no              ; no         ; no            ; no       ; Off          ; 3.3-V LVTTL  ; 16mA             ; no                     ; User                 ; 10 pF ; -                    ; -                   ;
; FLASH_ADDRESS[14] ; 29    ; 1        ; 6            ; 0            ; 2           ; no              ; no             ; no              ; no         ; no            ; no       ; Off          ; 3.3-V LVTTL  ; 16mA             ; no                     ; User                 ; 10 pF ; -                    ; -                   ;
; FLASH_ADDRESS[15] ; 28    ; 1        ; 6            ; 0            ; 3           ; no              ; no             ; no              ; no         ; no            ; no       ; Off          ; 3.3-V LVTTL  ; 16mA             ; no                     ; User                 ; 10 pF ; -                    ; -                   ;
; FLASH_ADDRESS[16] ; 27    ; 1        ; 5            ; 0            ; 0           ; no              ; no             ; no              ; no         ; no            ; no       ; Off          ; 3.3-V LVTTL  ; 16mA             ; yes                    ; User                 ; 10 pF ; -                    ; -                   ;
; FLASH_ADDRESS[17] ; 62    ; 2        ; 2            ; 5            ; 1           ; no              ; no             ; no              ; no         ; no            ; no       ; Off          ; 3.3-V LVTTL  ; 16mA             ; no                     ; User                 ; 10 pF ; -                    ; -                   ;
; FLASH_ADDRESS[18] ; 38    ; 2        ; 8            ; 2            ; 3           ; no              ; no             ; no              ; no         ; no            ; no       ; Off          ; 3.3-V LVTTL  ; 16mA             ; no                     ; User                 ; 10 pF ; -                    ; -                   ;
; FLASH_ADDRESS[19] ; 37    ; 2        ; 8            ; 1            ; 1           ; no              ; no             ; no              ; no         ; no            ; no       ; Off          ; 3.3-V LVTTL  ; 16mA             ; no                     ; User                 ; 10 pF ; -                    ; -                   ;
; FLASH_ADDRESS[1]  ; 50    ; 2        ; 6            ; 5            ; 3           ; no              ; no             ; no              ; no         ; no            ; no       ; Off          ; 3.3-V LVTTL  ; 16mA             ; no                     ; User                 ; 10 pF ; -                    ; -                   ;
; FLASH_ADDRESS[20] ; 35    ; 2        ; 8            ; 1            ; 3           ; no              ; no             ; no              ; no         ; no            ; no       ; Off          ; 3.3-V LVTTL  ; 16mA             ; no                     ; User                 ; 10 pF ; -                    ; -                   ;
; FLASH_ADDRESS[2]  ; 49    ; 2        ; 6            ; 5            ; 2           ; no              ; no             ; no              ; no         ; no            ; no       ; Off          ; 3.3-V LVTTL  ; 16mA             ; no                     ; User                 ; 10 pF ; -                    ; -                   ;
; FLASH_ADDRESS[3]  ; 48    ; 2        ; 8            ; 4            ; 1           ; no              ; no             ; no              ; no         ; no            ; no       ; Off          ; 3.3-V LVTTL  ; 16mA             ; no                     ; User                 ; 10 pF ; -                    ; -                   ;
; FLASH_ADDRESS[4]  ; 47    ; 2        ; 8            ; 4            ; 2           ; no              ; no             ; no              ; no         ; no            ; no       ; Off          ; 3.3-V LVTTL  ; 16mA             ; no                     ; User                 ; 10 pF ; -                    ; -                   ;
; FLASH_ADDRESS[5]  ; 46    ; 2        ; 8            ; 4            ; 3           ; no              ; no             ; no              ; no         ; no            ; no       ; Off          ; 3.3-V LVTTL  ; 16mA             ; no                     ; User                 ; 10 pF ; -                    ; -                   ;
; FLASH_ADDRESS[6]  ; 45    ; 2        ; 8            ; 4            ; 4           ; no              ; no             ; no              ; no         ; no            ; no       ; Off          ; 3.3-V LVTTL  ; 16mA             ; no                     ; User                 ; 10 pF ; -                    ; -                   ;
; FLASH_ADDRESS[7]  ; 44    ; 2        ; 8            ; 3            ; 0           ; no              ; no             ; no              ; no         ; no            ; no       ; Off          ; 3.3-V LVTTL  ; 16mA             ; no                     ; User                 ; 10 pF ; -                    ; -                   ;
; FLASH_ADDRESS[8]  ; 43    ; 2        ; 8            ; 3            ; 1           ; no              ; no             ; no              ; no         ; no            ; no       ; Off          ; 3.3-V LVTTL  ; 16mA             ; no                     ; User                 ; 10 pF ; -                    ; -                   ;
; FLASH_ADDRESS[9]  ; 34    ; 2        ; 8            ; 1            ; 4           ; no              ; no             ; no              ; no         ; no            ; no       ; Off          ; 3.3-V LVTTL  ; 16mA             ; no                     ; User                 ; 10 pF ; -                    ; -                   ;
; FLASH_OE          ; 51    ; 2        ; 5            ; 5            ; 0           ; no              ; no             ; no              ; no         ; no            ; no       ; Off          ; 3.3-V LVTTL  ; 16mA             ; no                     ; User                 ; 10 pF ; -                    ; -                   ;
; FLASH_WE          ; 36    ; 2        ; 8            ; 1            ; 2           ; no              ; no             ; no              ; no         ; no            ; no       ; Off          ; 3.3-V LVTTL  ; 16mA             ; no                     ; User                 ; 10 pF ; -                    ; -                   ;
; LCD_CONTRAST      ; 12    ; 1        ; 1            ; 1            ; 2           ; no              ; no             ; no              ; no         ; no            ; no       ; Off          ; 3.3-V LVTTL  ; 16mA             ; no                     ; User                 ; 10 pF ; -                    ; -                   ;
; LCD_E             ; 10    ; 1        ; 1            ; 2            ; 3           ; no              ; no             ; no              ; no         ; no            ; no       ; Off          ; 3.3-V LVTTL  ; 16mA             ; no                     ; User                 ; 10 pF ; -                    ; -                   ;
; LCD_OUT_DATA[0]   ; 5     ; 1        ; 1            ; 3            ; 2           ; no              ; no             ; no              ; no         ; no            ; no       ; Off          ; 3.3-V LVTTL  ; 16mA             ; no                     ; User                 ; 10 pF ; -                    ; -                   ;
; LCD_OUT_DATA[1]   ; 3     ; 1        ; 1            ; 3            ; 0           ; no              ; no             ; no              ; no         ; no            ; no       ; Off          ; 3.3-V LVTTL  ; 16mA             ; no                     ; User                 ; 10 pF ; -                    ; -                   ;
; LCD_OUT_DATA[2]   ; 4     ; 1        ; 1            ; 3            ; 1           ; no              ; no             ; no              ; no         ; no            ; no       ; Off          ; 3.3-V LVTTL  ; 16mA             ; no                     ; User                 ; 10 pF ; -                    ; -                   ;
; LCD_OUT_DATA[3]   ; 2     ; 1        ; 1            ; 4            ; 3           ; no              ; no             ; no              ; no         ; no            ; no       ; Off          ; 3.3-V LVTTL  ; 16mA             ; no                     ; User                 ; 10 pF ; -                    ; -                   ;
; LCD_RS            ; 11    ; 1        ; 1            ; 1            ; 1           ; no              ; no             ; no              ; no         ; no            ; no       ; Off          ; 3.3-V LVTTL  ; 16mA             ; no                     ; User                 ; 10 pF ; -                    ; -                   ;
; LED_B             ; 7     ; 1        ; 1            ; 3            ; 3           ; no              ; no             ; no              ; no         ; no            ; no       ; Off          ; 3.3-V LVTTL  ; 16mA             ; no                     ; Fitter               ; 10 pF ; -                    ; -                   ;
; LED_G             ; 1     ; 1        ; 1            ; 4            ; 2           ; no              ; no             ; no              ; no         ; no            ; no       ; Off          ; 3.3-V LVTTL  ; 16mA             ; no                     ; Fitter               ; 10 pF ; -                    ; -                   ;
; LED_R             ; 63    ; 2        ; 2            ; 5            ; 2           ; no              ; no             ; no              ; no         ; no            ; no       ; Off          ; 3.3-V LVTTL  ; 16mA             ; no                     ; Fitter               ; 10 pF ; -                    ; -                   ;
; control_D0        ; 20    ; 1        ; 2            ; 0            ; 1           ; no              ; no             ; no              ; no         ; no            ; no       ; Off          ; 3.3-V LVTTL  ; 16mA             ; no                     ; User                 ; 10 pF ; -                    ; -                   ;
+-------------------+-------+----------+--------------+--------------+-------------+-----------------+----------------+-----------------+------------+---------------+----------+--------------+--------------+------------------+------------------------+----------------------+-------+----------------------+---------------------+


+---------------------------------------------------------------------------------------------------------------------------------------------------------------------------------------------------------------------------------------------------------------------------------------------------------------------------------------------------------------------+
; Bidir Pins                                                                                                                                                                                                                                                                                                                                                          ;
+-------------+-------+----------+--------------+--------------+-------------+-----------------------+--------------------+--------+-----------------+----------------+-----------------+------------+----------+--------------+--------------+------------------+------------------------+----------------------+-------+----------------------+---------------------+
; Name        ; Pin # ; I/O Bank ; X coordinate ; Y coordinate ; Cell number ; Combinational Fan-Out ; Registered Fan-Out ; Global ; Output Register ; Slow Slew Rate ; PCI I/O Enabled ; Open Drain ; Bus Hold ; Weak Pull Up ; I/O Standard ; Current Strength ; Fast Output Connection ; Location assigned by ; Load  ; Output Enable Source ; Output Enable Group ;
+-------------+-------+----------+--------------+--------------+-------------+-----------------------+--------------------+--------+-----------------+----------------+-----------------+------------+----------+--------------+--------------+------------------+------------------------+----------------------+-------+----------------------+---------------------+
; FLASH_DQ[0] ; 52    ; 2        ; 5            ; 5            ; 1           ; 1                     ; 0                  ; no     ; no              ; no             ; no              ; no         ; no       ; Off          ; 3.3-V LVTTL  ; 16mA             ; no                     ; User                 ; 10 pF ; CYCLE_TYPE.MEM_WRITE ; -                   ;
; FLASH_DQ[1] ; 53    ; 2        ; 5            ; 5            ; 2           ; 1                     ; 0                  ; no     ; no              ; no             ; no              ; no         ; no       ; Off          ; 3.3-V LVTTL  ; 16mA             ; no                     ; User                 ; 10 pF ; CYCLE_TYPE.MEM_WRITE ; -                   ;
; FLASH_DQ[2] ; 54    ; 2        ; 4            ; 5            ; 0           ; 1                     ; 0                  ; no     ; no              ; no             ; no              ; no         ; no       ; Off          ; 3.3-V LVTTL  ; 16mA             ; no                     ; User                 ; 10 pF ; CYCLE_TYPE.MEM_WRITE ; -                   ;
; FLASH_DQ[3] ; 55    ; 2        ; 4            ; 5            ; 2           ; 1                     ; 0                  ; no     ; no              ; no             ; no              ; no         ; no       ; Off          ; 3.3-V LVTTL  ; 16mA             ; no                     ; User                 ; 10 pF ; CYCLE_TYPE.MEM_WRITE ; -                   ;
; FLASH_DQ[4] ; 56    ; 2        ; 3            ; 5            ; 0           ; 1                     ; 0                  ; no     ; no              ; no             ; no              ; no         ; no       ; Off          ; 3.3-V LVTTL  ; 16mA             ; no                     ; User                 ; 10 pF ; CYCLE_TYPE.MEM_WRITE ; -                   ;
; FLASH_DQ[5] ; 58    ; 2        ; 3            ; 5            ; 1           ; 1                     ; 0                  ; no     ; no              ; no             ; no              ; no         ; no       ; Off          ; 3.3-V LVTTL  ; 16mA             ; no                     ; User                 ; 10 pF ; CYCLE_TYPE.MEM_WRITE ; -                   ;
; FLASH_DQ[6] ; 59    ; 2        ; 3            ; 5            ; 2           ; 1                     ; 0                  ; no     ; no              ; no             ; no              ; no         ; no       ; Off          ; 3.3-V LVTTL  ; 16mA             ; no                     ; User                 ; 10 pF ; CYCLE_TYPE.MEM_WRITE ; -                   ;
; FLASH_DQ[7] ; 60    ; 2        ; 3            ; 5            ; 3           ; 1                     ; 0                  ; no     ; no              ; no             ; no              ; no         ; no       ; Off          ; 3.3-V LVTTL  ; 16mA             ; no                     ; User                 ; 10 pF ; CYCLE_TYPE.MEM_WRITE ; -                   ;
; LPC_LAD[0]  ; 26    ; 1        ; 5            ; 0            ; 1           ; 11                    ; 0                  ; no     ; no              ; no             ; no              ; no         ; no       ; Off          ; 3.3-V LVTTL  ; 16mA             ; no                     ; User                 ; 10 pF ; LPC_LAD[3]~3         ; -                   ;
; LPC_LAD[1]  ; 25    ; 1        ; 3            ; 0            ; 1           ; 15                    ; 0                  ; no     ; no              ; no             ; no              ; no         ; no       ; Off          ; 3.3-V LVTTL  ; 16mA             ; yes                    ; User                 ; 10 pF ; LPC_LAD[3]~3         ; -                   ;
; LPC_LAD[2]  ; 24    ; 1        ; 3            ; 0            ; 2           ; 15                    ; 0                  ; no     ; no              ; no             ; no              ; no         ; no       ; Off          ; 3.3-V LVTTL  ; 16mA             ; yes                    ; User                 ; 10 pF ; LPC_LAD[3]~3         ; -                   ;
; LPC_LAD[3]  ; 22    ; 1        ; 3            ; 0            ; 3           ; 19                    ; 0                  ; no     ; no              ; no             ; no              ; no         ; no       ; Off          ; 3.3-V LVTTL  ; 16mA             ; yes                    ; User                 ; 10 pF ; LPC_LAD[3]~3         ; -                   ;
+-------------+-------+----------+--------------+--------------+-------------+-----------------------+--------------------+--------+-----------------+----------------+-----------------+------------+----------+--------------+--------------+------------------+------------------------+----------------------+-------+----------------------+---------------------+


+------------------------------------------------------------+
; I/O Bank Usage                                             ;
+----------+------------------+---------------+--------------+
; I/O Bank ; Usage            ; VCCIO Voltage ; VREF Voltage ;
+----------+------------------+---------------+--------------+
; 1        ; 23 / 27 ( 85 % ) ; 3.3V          ; --           ;
; 2        ; 26 / 27 ( 96 % ) ; 3.3V          ; --           ;
+----------+------------------+---------------+--------------+


+-------------------------------------------------------------------------------------------------------------------------------------------------+
; All Package Pins                                                                                                                                ;
+----------+------------+----------+-------------------+--------+--------------+---------+------------+-----------------+----------+--------------+
; Location ; Pad Number ; I/O Bank ; Pin Name/Usage    ; Dir.   ; I/O Standard ; Voltage ; I/O Type   ; User Assignment ; Bus Hold ; Weak Pull Up ;
+----------+------------+----------+-------------------+--------+--------------+---------+------------+-----------------+----------+--------------+
; 1        ; 2          ; 1        ; LED_G             ; output ; 3.3-V LVTTL  ;         ; Row I/O    ; N               ; no       ; Off          ;
; 2        ; 3          ; 1        ; LCD_OUT_DATA[3]   ; output ; 3.3-V LVTTL  ;         ; Row I/O    ; Y               ; no       ; Off          ;
; 3        ; 4          ; 1        ; LCD_OUT_DATA[1]   ; output ; 3.3-V LVTTL  ;         ; Row I/O    ; Y               ; no       ; Off          ;
; 4        ; 5          ; 1        ; LCD_OUT_DATA[2]   ; output ; 3.3-V LVTTL  ;         ; Row I/O    ; Y               ; no       ; Off          ;
; 5        ; 6          ; 1        ; LCD_OUT_DATA[0]   ; output ; 3.3-V LVTTL  ;         ; Row I/O    ; Y               ; no       ; Off          ;
; 6        ;            ; 1        ; VCCIO1            ; power  ;              ; 3.3V    ; --         ;                 ; --       ; --           ;
; 7        ; 7          ; 1        ; LED_B             ; output ; 3.3-V LVTTL  ;         ; Row I/O    ; N               ; no       ; Off          ;
; 8        ;            ;          ; VCCINT            ; power  ;              ; 1.8V    ; --         ;                 ; --       ; --           ;
; 9        ; 8          ; 1        ; LPC_CLK           ; input  ; 3.3-V LVTTL  ;         ; Row I/O    ; Y               ; no       ; Off          ;
; 10       ; 11         ; 1        ; LCD_E             ; output ; 3.3-V LVTTL  ;         ; Row I/O    ; Y               ; no       ; Off          ;
; 11       ; 13         ; 1        ; LCD_RS            ; output ; 3.3-V LVTTL  ;         ; Row I/O    ; Y               ; no       ; Off          ;
; 12       ; 14         ; 1        ; LCD_CONTRAST      ; output ; 3.3-V LVTTL  ;         ; Row I/O    ; Y               ; no       ; Off          ;
; 13       ; 15         ; 1        ; GND*              ;        ;              ;         ; Row I/O    ;                 ; no       ; Off          ;
; 14       ; 16         ; 1        ; #TMS              ; input  ;              ;         ; --         ;                 ; --       ; --           ;
; 15       ; 17         ; 1        ; #TDI              ; input  ;              ;         ; --         ;                 ; --       ; --           ;
; 16       ; 18         ; 1        ; #TCK              ; input  ;              ;         ; --         ;                 ; --       ; --           ;
; 17       ; 19         ; 1        ; #TDO              ; output ;              ;         ; --         ;                 ; --       ; --           ;
; 18       ; 20         ; 1        ; GND*              ;        ;              ;         ; Column I/O ;                 ; no       ; Off          ;
; 19       ; 21         ; 1        ; GND*              ;        ;              ;         ; Column I/O ;                 ; no       ; Off          ;
; 20       ; 22         ; 1        ; control_D0        ; output ; 3.3-V LVTTL  ;         ; Column I/O ; Y               ; no       ; Off          ;
; 21       ; 23         ; 1        ; LPC_RST           ; input  ; 3.3-V LVTTL  ;         ; Column I/O ; Y               ; no       ; Off          ;
; 22       ; 24         ; 1        ; LPC_LAD[3]        ; bidir  ; 3.3-V LVTTL  ;         ; Column I/O ; Y               ; no       ; Off          ;
; 23       ;            ; 1        ; VCCIO1            ; power  ;              ; 3.3V    ; --         ;                 ; --       ; --           ;
; 24       ; 25         ; 1        ; LPC_LAD[2]        ; bidir  ; 3.3-V LVTTL  ;         ; Column I/O ; Y               ; no       ; Off          ;
; 25       ; 26         ; 1        ; LPC_LAD[1]        ; bidir  ; 3.3-V LVTTL  ;         ; Column I/O ; Y               ; no       ; Off          ;
; 26       ; 33         ; 1        ; LPC_LAD[0]        ; bidir  ; 3.3-V LVTTL  ;         ; Column I/O ; Y               ; no       ; Off          ;
; 27       ; 34         ; 1        ; FLASH_ADDRESS[16] ; output ; 3.3-V LVTTL  ;         ; Column I/O ; Y               ; no       ; Off          ;
; 28       ; 35         ; 1        ; FLASH_ADDRESS[15] ; output ; 3.3-V LVTTL  ;         ; Column I/O ; Y               ; no       ; Off          ;
; 29       ; 36         ; 1        ; FLASH_ADDRESS[14] ; output ; 3.3-V LVTTL  ;         ; Column I/O ; Y               ; no       ; Off          ;
; 30       ; 37         ; 1        ; FLASH_ADDRESS[13] ; output ; 3.3-V LVTTL  ;         ; Column I/O ; Y               ; no       ; Off          ;
; 31       ; 38         ; 1        ; FLASH_ADDRESS[12] ; output ; 3.3-V LVTTL  ;         ; Column I/O ; Y               ; no       ; Off          ;
; 32       ; 39         ; 1        ; FLASH_ADDRESS[11] ; output ; 3.3-V LVTTL  ;         ; Column I/O ; Y               ; no       ; Off          ;
; 33       ; 40         ; 1        ; FLASH_ADDRESS[10] ; output ; 3.3-V LVTTL  ;         ; Column I/O ; Y               ; no       ; Off          ;
; 34       ; 42         ; 2        ; FLASH_ADDRESS[9]  ; output ; 3.3-V LVTTL  ;         ; Row I/O    ; Y               ; no       ; Off          ;
; 35       ; 43         ; 2        ; FLASH_ADDRESS[20] ; output ; 3.3-V LVTTL  ;         ; Row I/O    ; Y               ; no       ; Off          ;
; 36       ; 44         ; 2        ; FLASH_WE          ; output ; 3.3-V LVTTL  ;         ; Row I/O    ; Y               ; no       ; Off          ;
; 37       ; 45         ; 2        ; FLASH_ADDRESS[19] ; output ; 3.3-V LVTTL  ;         ; Row I/O    ; Y               ; no       ; Off          ;
; 38       ; 47         ; 2        ; FLASH_ADDRESS[18] ; output ; 3.3-V LVTTL  ;         ; Row I/O    ; Y               ; no       ; Off          ;
; 39       ;            ; 2        ; VCCIO2            ; power  ;              ; 3.3V    ; --         ;                 ; --       ; --           ;
; 40       ; 50         ; 2        ; LCD_PWM           ; input  ; 3.3-V LVTTL  ;         ; Row I/O    ; Y               ; no       ; Off          ;
; 41       ;            ;          ; VCCINT            ; power  ;              ; 1.8V    ; --         ;                 ; --       ; --           ;
; 42       ; 51         ; 2        ; GND*              ;        ;              ;         ; Row I/O    ;                 ; no       ; Off          ;
; 43       ; 54         ; 2        ; FLASH_ADDRESS[8]  ; output ; 3.3-V LVTTL  ;         ; Row I/O    ; Y               ; no       ; Off          ;
; 44       ; 55         ; 2        ; FLASH_ADDRESS[7]  ; output ; 3.3-V LVTTL  ;         ; Row I/O    ; Y               ; no       ; Off          ;
; 45       ; 56         ; 2        ; FLASH_ADDRESS[6]  ; output ; 3.3-V LVTTL  ;         ; Row I/O    ; Y               ; no       ; Off          ;
; 46       ; 57         ; 2        ; FLASH_ADDRESS[5]  ; output ; 3.3-V LVTTL  ;         ; Row I/O    ; Y               ; no       ; Off          ;
; 47       ; 58         ; 2        ; FLASH_ADDRESS[4]  ; output ; 3.3-V LVTTL  ;         ; Row I/O    ; Y               ; no       ; Off          ;
; 48       ; 59         ; 2        ; FLASH_ADDRESS[3]  ; output ; 3.3-V LVTTL  ;         ; Row I/O    ; Y               ; no       ; Off          ;
; 49       ; 67         ; 2        ; FLASH_ADDRESS[2]  ; output ; 3.3-V LVTTL  ;         ; Column I/O ; Y               ; no       ; Off          ;
; 50       ; 68         ; 2        ; FLASH_ADDRESS[1]  ; output ; 3.3-V LVTTL  ;         ; Column I/O ; Y               ; no       ; Off          ;
; 51       ; 69         ; 2        ; FLASH_OE          ; output ; 3.3-V LVTTL  ;         ; Column I/O ; Y               ; no       ; Off          ;
; 52       ; 70         ; 2        ; FLASH_DQ[0]       ; bidir  ; 3.3-V LVTTL  ;         ; Column I/O ; Y               ; no       ; Off          ;
; 53       ; 71         ; 2        ; FLASH_DQ[1]       ; bidir  ; 3.3-V LVTTL  ;         ; Column I/O ; Y               ; no       ; Off          ;
; 54       ; 73         ; 2        ; FLASH_DQ[2]       ; bidir  ; 3.3-V LVTTL  ;         ; Column I/O ; Y               ; no       ; Off          ;
; 55       ; 75         ; 2        ; FLASH_DQ[3]       ; bidir  ; 3.3-V LVTTL  ;         ; Column I/O ; Y               ; no       ; Off          ;
; 56       ; 76         ; 2        ; FLASH_DQ[4]       ; bidir  ; 3.3-V LVTTL  ;         ; Column I/O ; Y               ; no       ; Off          ;
; 57       ;            ; 2        ; VCCIO2            ; power  ;              ; 3.3V    ; --         ;                 ; --       ; --           ;
; 58       ; 77         ; 2        ; FLASH_DQ[5]       ; bidir  ; 3.3-V LVTTL  ;         ; Column I/O ; Y               ; no       ; Off          ;
; 59       ; 78         ; 2        ; FLASH_DQ[6]       ; bidir  ; 3.3-V LVTTL  ;         ; Column I/O ; Y               ; no       ; Off          ;
; 60       ; 79         ; 2        ; FLASH_DQ[7]       ; bidir  ; 3.3-V LVTTL  ;         ; Column I/O ; Y               ; no       ; Off          ;
; 61       ; 80         ; 2        ; FLASH_ADDRESS[0]  ; output ; 3.3-V LVTTL  ;         ; Column I/O ; Y               ; no       ; Off          ;
; 62       ; 81         ; 2        ; FLASH_ADDRESS[17] ; output ; 3.3-V LVTTL  ;         ; Column I/O ; Y               ; no       ; Off          ;
; 63       ; 82         ; 2        ; LED_R             ; output ; 3.3-V LVTTL  ;         ; Column I/O ; N               ; no       ; Off          ;
; 64       ; 1          ; 1        ; GND*              ;        ;              ;         ; Row I/O    ;                 ; no       ; Off          ;
+----------+------------+----------+-------------------+--------+--------------+---------+------------+-----------------+----------+--------------+
Note: Pin directions (input, output or bidir) are based on device operating in user mode.


+-------------------------------------------------------------+
; Output Pin Default Load For Reported TCO                    ;
+----------------------------+-------+------------------------+
; I/O Standard               ; Load  ; Termination Resistance ;
+----------------------------+-------+------------------------+
; 3.3-V LVTTL                ; 10 pF ; Not Available          ;
; 3.3-V LVCMOS               ; 10 pF ; Not Available          ;
; 2.5 V                      ; 10 pF ; Not Available          ;
; 1.8 V                      ; 10 pF ; Not Available          ;
; 1.5 V                      ; 10 pF ; Not Available          ;
; 3.3V Schmitt Trigger Input ; 10 pF ; Not Available          ;
; 2.5V Schmitt Trigger Input ; 10 pF ; Not Available          ;
; 1.2 V                      ; 10 pF ; Not Available          ;
; LVDS_E_3R                  ; 10 pF ; Not Available          ;
; RSDS_E_3R                  ; 10 pF ; Not Available          ;
+----------------------------+-------+------------------------+
Note: User assignments will override these defaults. The user specified values are listed in the Output Pins and Bidir Pins tables.


+----------------------------------------+
; I/O Assignment Warnings                ;
+----------+-----------------------------+
; Pin Name ; Reason                      ;
+----------+-----------------------------+
; LED_R    ; Missing location assignment ;
; LED_G    ; Missing location assignment ;
; LED_B    ; Missing location assignment ;
+----------+-----------------------------+


+------------------------------------------------------------------------------------------------------------------------------------------------------------------------------------------------------------------------------------+
; Fitter Resource Utilization by Entity                                                                                                                                                                                              ;
+----------------------------+-------------+--------------+------------+------+--------------+--------------+-------------------+------------------+-----------------+------------+---------------------+-------------+--------------+
; Compilation Hierarchy Node ; Logic Cells ; LC Registers ; UFM Blocks ; Pins ; Virtual Pins ; LUT-Only LCs ; Register-Only LCs ; LUT/Register LCs ; Carry Chain LCs ; Packed LCs ; Full Hierarchy Name ; Entity Name ; Library Name ;
+----------------------------+-------------+--------------+------------+------+--------------+--------------+-------------------+------------------+-----------------+------------+---------------------+-------------+--------------+
; |MAXV_CHIP                 ; 138 (114)   ; 78           ; 0          ; 49   ; 0            ; 60 (49)      ; 27 (21)           ; 51 (44)          ; 11 (0)          ; 19 (14)    ; |MAXV_CHIP          ; MAXV_CHIP   ; work         ;
;    |pwm:PW|                ; 24 (24)     ; 13           ; 0          ; 0    ; 0            ; 11 (11)      ; 6 (6)             ; 7 (7)            ; 11 (11)         ; 5 (5)      ; |MAXV_CHIP|pwm:PW   ; pwm         ; work         ;
+----------------------------+-------------+--------------+------------+------+--------------+--------------+-------------------+------------------+-----------------+------------+---------------------+-------------+--------------+
Note: For table entries with two numbers listed, the numbers in parentheses indicate the number of resources of the given type used by the specific entity alone. The numbers listed outside of parentheses indicate the total resources of the given type used by the specific entity and all of its sub-entities in the hierarchy.


+----------------------------------------------+
; Delay Chain Summary                          ;
+-------------------+----------+---------------+
; Name              ; Pin Type ; Pad to Core 0 ;
+-------------------+----------+---------------+
; LED_R             ; Output   ; --            ;
; LED_G             ; Output   ; --            ;
; LED_B             ; Output   ; --            ;
; control_D0        ; Output   ; --            ;
; FLASH_ADDRESS[0]  ; Output   ; --            ;
; FLASH_ADDRESS[1]  ; Output   ; --            ;
; FLASH_ADDRESS[2]  ; Output   ; --            ;
; FLASH_ADDRESS[3]  ; Output   ; --            ;
; FLASH_ADDRESS[4]  ; Output   ; --            ;
; FLASH_ADDRESS[5]  ; Output   ; --            ;
; FLASH_ADDRESS[6]  ; Output   ; --            ;
; FLASH_ADDRESS[7]  ; Output   ; --            ;
; FLASH_ADDRESS[8]  ; Output   ; --            ;
; FLASH_ADDRESS[9]  ; Output   ; --            ;
; FLASH_ADDRESS[10] ; Output   ; --            ;
; FLASH_ADDRESS[11] ; Output   ; --            ;
; FLASH_ADDRESS[12] ; Output   ; --            ;
; FLASH_ADDRESS[13] ; Output   ; --            ;
; FLASH_ADDRESS[14] ; Output   ; --            ;
; FLASH_ADDRESS[15] ; Output   ; --            ;
; FLASH_ADDRESS[16] ; Output   ; --            ;
; FLASH_ADDRESS[17] ; Output   ; --            ;
; FLASH_ADDRESS[18] ; Output   ; --            ;
; FLASH_ADDRESS[19] ; Output   ; --            ;
; FLASH_ADDRESS[20] ; Output   ; --            ;
; FLASH_OE          ; Output   ; --            ;
; FLASH_WE          ; Output   ; --            ;
; LCD_OUT_DATA[0]   ; Output   ; --            ;
; LCD_OUT_DATA[1]   ; Output   ; --            ;
; LCD_OUT_DATA[2]   ; Output   ; --            ;
; LCD_OUT_DATA[3]   ; Output   ; --            ;
; LCD_RS            ; Output   ; --            ;
; LCD_E             ; Output   ; --            ;
; LCD_CONTRAST      ; Output   ; --            ;
; LCD_PWM           ; Input    ; (0)           ;
; LPC_LAD[0]        ; Bidir    ; (1)           ;
; LPC_LAD[1]        ; Bidir    ; (1)           ;
; LPC_LAD[2]        ; Bidir    ; (1)           ;
; LPC_LAD[3]        ; Bidir    ; (1)           ;
; FLASH_DQ[0]       ; Bidir    ; (1)           ;
; FLASH_DQ[1]       ; Bidir    ; (1)           ;
; FLASH_DQ[2]       ; Bidir    ; (1)           ;
; FLASH_DQ[3]       ; Bidir    ; (1)           ;
; FLASH_DQ[4]       ; Bidir    ; (1)           ;
; FLASH_DQ[5]       ; Bidir    ; (1)           ;
; FLASH_DQ[6]       ; Bidir    ; (1)           ;
; FLASH_DQ[7]       ; Bidir    ; (1)           ;
; LPC_CLK           ; Input    ; (0)           ;
; LPC_RST           ; Input    ; (1)           ;
+-------------------+----------+---------------+


+---------------------------------------------------------------------------------------------------------------------------------+
; Control Signals                                                                                                                 ;
+-------------------------+-------------+---------+----------------------------+--------+----------------------+------------------+
; Name                    ; Location    ; Fan-Out ; Usage                      ; Global ; Global Resource Used ; Global Line Name ;
+-------------------------+-------------+---------+----------------------------+--------+----------------------+------------------+
; CYCLE_TYPE.MEM_WRITE    ; LC_X6_Y3_N6 ; 12      ; Output enable              ; no     ; --                   ; --               ;
; DQ[0]~1                 ; LC_X4_Y3_N8 ; 4       ; Clock enable               ; no     ; --                   ; --               ;
; DQ[4]~2                 ; LC_X4_Y3_N5 ; 4       ; Clock enable               ; no     ; --                   ; --               ;
; LPC_ADDRESS[0]~17       ; LC_X7_Y2_N1 ; 4       ; Clock enable               ; no     ; --                   ; --               ;
; LPC_ADDRESS[12]~12      ; LC_X5_Y2_N1 ; 4       ; Clock enable               ; no     ; --                   ; --               ;
; LPC_ADDRESS[16]~13      ; LC_X5_Y1_N9 ; 4       ; Clock enable               ; no     ; --                   ; --               ;
; LPC_ADDRESS[4]~18       ; LC_X7_Y2_N9 ; 4       ; Clock enable               ; no     ; --                   ; --               ;
; LPC_ADDRESS[8]~11       ; LC_X6_Y1_N7 ; 4       ; Clock enable               ; no     ; --                   ; --               ;
; LPC_CLK                 ; PIN_9       ; 78      ; Clock                      ; yes    ; Global Clock         ; GCLK1            ;
; LPC_LAD[3]~3            ; LC_X3_Y1_N4 ; 5       ; Output enable              ; no     ; --                   ; --               ;
; LPC_LAD[3]~7            ; PIN_22      ; 19      ; Sync. clear                ; no     ; --                   ; --               ;
; LPC_RST                 ; PIN_21      ; 27      ; Async. clear, Clock enable ; yes    ; Global Clock         ; GCLK3            ;
; READBUFFER[0]~1         ; LC_X4_Y2_N0 ; 8       ; Clock enable               ; no     ; --                   ; --               ;
; REG_LCD_DATA[3]~1       ; LC_X6_Y3_N5 ; 3       ; Clock enable               ; no     ; --                   ; --               ;
; REG_LCD_DATA[4]~0       ; LC_X5_Y3_N0 ; 3       ; Clock enable               ; no     ; --                   ; --               ;
; REG_XBLAST_CONTROL[1]~2 ; LC_X5_Y1_N4 ; 2       ; Clock enable               ; no     ; --                   ; --               ;
; Selector13~0            ; LC_X6_Y3_N1 ; 4       ; Clock enable               ; no     ; --                   ; --               ;
+-------------------------+-------------+---------+----------------------------+--------+----------------------+------------------+


+------------------------------------------------------------------------+
; Global & Other Fast Signals                                            ;
+---------+----------+---------+----------------------+------------------+
; Name    ; Location ; Fan-Out ; Global Resource Used ; Global Line Name ;
+---------+----------+---------+----------------------+------------------+
; LPC_CLK ; PIN_9    ; 78      ; Global Clock         ; GCLK1            ;
; LPC_RST ; PIN_21   ; 27      ; Global Clock         ; GCLK3            ;
+---------+----------+---------+----------------------+------------------+


+--------------------------------------------+
; Routing Usage Summary                      ;
+-----------------------+--------------------+
; Routing Resource Type ; Usage              ;
+-----------------------+--------------------+
; C4s                   ; 107 / 784 ( 14 % ) ;
; Direct links          ; 55 / 888 ( 6 % )   ;
; Global clocks         ; 2 / 4 ( 50 % )     ;
; LAB clocks            ; 10 / 32 ( 31 % )   ;
; LUT chains            ; 11 / 216 ( 5 % )   ;
; Local interconnects   ; 222 / 888 ( 25 % ) ;
; R4s                   ; 100 / 704 ( 14 % ) ;
+-----------------------+--------------------+


+---------------------------------------------------------------------------+
; LAB Logic Elements                                                        ;
+--------------------------------------------+------------------------------+
; Number of Logic Elements  (Average = 8.63) ; Number of LABs  (Total = 16) ;
+--------------------------------------------+------------------------------+
; 1                                          ; 0                            ;
; 2                                          ; 0                            ;
; 3                                          ; 0                            ;
; 4                                          ; 3                            ;
; 5                                          ; 0                            ;
; 6                                          ; 0                            ;
; 7                                          ; 0                            ;
; 8                                          ; 1                            ;
; 9                                          ; 2                            ;
; 10                                         ; 10                           ;
+--------------------------------------------+------------------------------+


+-------------------------------------------------------------------+
; LAB-wide Signals                                                  ;
+------------------------------------+------------------------------+
; LAB-wide Signals  (Average = 1.56) ; Number of LABs  (Total = 16) ;
+------------------------------------+------------------------------+
; 1 Async. clear                     ; 4                            ;
; 1 Clock                            ; 15                           ;
; 1 Clock enable                     ; 4                            ;
; 1 Sync. clear                      ; 1                            ;
; 2 Clock enables                    ; 1                            ;
+------------------------------------+------------------------------+


+----------------------------------------------------------------------------+
; LAB Signals Sourced                                                        ;
+---------------------------------------------+------------------------------+
; Number of Signals Sourced  (Average = 9.88) ; Number of LABs  (Total = 16) ;
+---------------------------------------------+------------------------------+
; 0                                           ; 0                            ;
; 1                                           ; 0                            ;
; 2                                           ; 0                            ;
; 3                                           ; 0                            ;
; 4                                           ; 3                            ;
; 5                                           ; 0                            ;
; 6                                           ; 0                            ;
; 7                                           ; 0                            ;
; 8                                           ; 1                            ;
; 9                                           ; 1                            ;
; 10                                          ; 3                            ;
; 11                                          ; 5                            ;
; 12                                          ; 0                            ;
; 13                                          ; 0                            ;
; 14                                          ; 2                            ;
; 15                                          ; 0                            ;
; 16                                          ; 1                            ;
+---------------------------------------------+------------------------------+


+--------------------------------------------------------------------------------+
; LAB Signals Sourced Out                                                        ;
+-------------------------------------------------+------------------------------+
; Number of Signals Sourced Out  (Average = 7.00) ; Number of LABs  (Total = 16) ;
+-------------------------------------------------+------------------------------+
; 0                                               ; 0                            ;
; 1                                               ; 0                            ;
; 2                                               ; 1                            ;
; 3                                               ; 0                            ;
; 4                                               ; 3                            ;
; 5                                               ; 0                            ;
; 6                                               ; 2                            ;
; 7                                               ; 4                            ;
; 8                                               ; 1                            ;
; 9                                               ; 3                            ;
; 10                                              ; 0                            ;
; 11                                              ; 1                            ;
; 12                                              ; 1                            ;
+-------------------------------------------------+------------------------------+


+-----------------------------------------------------------------------------+
; LAB Distinct Inputs                                                         ;
+----------------------------------------------+------------------------------+
; Number of Distinct Inputs  (Average = 10.56) ; Number of LABs  (Total = 16) ;
+----------------------------------------------+------------------------------+
; 0                                            ; 0                            ;
; 1                                            ; 0                            ;
; 2                                            ; 0                            ;
; 3                                            ; 0                            ;
; 4                                            ; 1                            ;
; 5                                            ; 1                            ;
; 6                                            ; 1                            ;
; 7                                            ; 1                            ;
; 8                                            ; 0                            ;
; 9                                            ; 2                            ;
; 10                                           ; 1                            ;
; 11                                           ; 1                            ;
; 12                                           ; 3                            ;
; 13                                           ; 4                            ;
; 14                                           ; 0                            ;
; 15                                           ; 0                            ;
; 16                                           ; 0                            ;
; 17                                           ; 0                            ;
; 18                                           ; 0                            ;
; 19                                           ; 0                            ;
; 20                                           ; 1                            ;
+----------------------------------------------+------------------------------+


+-------------------------------------------------------------------------+
; Fitter Device Options                                                   ;
+----------------------------------------------+--------------------------+
; Option                                       ; Setting                  ;
+----------------------------------------------+--------------------------+
; Enable user-supplied start-up clock (CLKUSR) ; Off                      ;
; Enable device-wide reset (DEV_CLRn)          ; Off                      ;
; Enable device-wide output enable (DEV_OE)    ; Off                      ;
; Enable INIT_DONE output                      ; Off                      ;
; Configuration scheme                         ; Passive Serial           ;
; Reserve all unused pins                      ; As output driving ground ;
+----------------------------------------------+--------------------------+


+-----------------+
; Fitter Messages ;
+-----------------+
Info (16303): Aggressive Performance optimization mode selected -- timing performance will be prioritized at the potential cost of increased logic area and compilation time
Info (20032): Parallel compilation is enabled and will use up to 4 processors
Info (119006): Selected device 5M160ZE64C5 for design "maxV_chip"
Info (21077): Low junction temperature is 0 degrees C
Info (21077): High junction temperature is 85 degrees C
Info (171004): Fitter is performing a Standard Fit compilation using maximum Fitter effort to optimize design performance
Info (176444): Device migration not selected. If you intend to use device migration later, you may need to change the pin assignments as they may be incompatible with other devices
    Info (176445): Device 5M80ZE64C5 is compatible
    Info (176445): Device 5M80ZE64I5 is compatible
    Info (176445): Device 5M160ZE64I5 is compatible
    Info (176445): Device 5M40ZE64C5 is compatible
    Info (176445): Device 5M40ZE64I5 is compatible
Critical Warning (169085): No exact pin location assignment(s) for 3 pins of 49 total pins. For the list of pins please refer to the I/O Assignment Warnings table in the fitter report.
Info (332104): Reading SDC File: 'maxV_chip.sdc'
Info (332129): Detected timing requirements -- optimizing circuit to achieve only the specified requirements
Info (332111): Found 1 clocks
    Info (332111):   Period   Clock Name
    Info (332111): ======== ============
    Info (332111):   30.000      LPC_CLK
Info (186079): Completed User Assigned Global Signals Promotion Operation
Info (186215): Automatically promoted signal "LPC_CLK" to use Global clock in PIN 9 File: C:/Users/aaron/Documents/00-CPLD/maxV_chip/maxV_chip.vhd Line: 73
Info (186216): Automatically promoted some destinations of signal "LPC_RST" to use Global clock File: C:/Users/aaron/Documents/00-CPLD/maxV_chip/maxV_chip.vhd Line: 74
    Info (186217): Destination "control_D0~reg0" may be non-global or may not use global clock File: C:/Users/aaron/Documents/00-CPLD/maxV_chip/maxV_chip.vhd Line: 270
    Info (186217): Destination "COUNT[2]" may be non-global or may not use global clock File: C:/Users/aaron/Documents/00-CPLD/maxV_chip/maxV_chip.vhd Line: 270
    Info (186217): Destination "COUNT[1]" may be non-global or may not use global clock File: C:/Users/aaron/Documents/00-CPLD/maxV_chip/maxV_chip.vhd Line: 270
    Info (186217): Destination "COUNT[0]" may be non-global or may not use global clock File: C:/Users/aaron/Documents/00-CPLD/maxV_chip/maxV_chip.vhd Line: 270
    Info (186217): Destination "LPC_ADDRESS[16]~9" may be non-global or may not use global clock File: C:/Users/aaron/Documents/00-CPLD/maxV_chip/maxV_chip.vhd Line: 270
    Info (186217): Destination "LPC_ADDRESS[20]~14" may be non-global or may not use global clock File: C:/Users/aaron/Documents/00-CPLD/maxV_chip/maxV_chip.vhd Line: 270
    Info (186217): Destination "REG_LCD_DATA[4]~0" may be non-global or may not use global clock File: C:/Users/aaron/Documents/00-CPLD/maxV_chip/maxV_chip.vhd Line: 270
    Info (186217): Destination "DQ[0]~0" may be non-global or may not use global clock File: C:/Users/aaron/Documents/00-CPLD/maxV_chip/maxV_chip.vhd Line: 270
    Info (186217): Destination "READBUFFER[0]~1" may be non-global or may not use global clock File: C:/Users/aaron/Documents/00-CPLD/maxV_chip/maxV_chip.vhd Line: 270
    Info (186217): Destination "DQ[0]~1" may be non-global or may not use global clock File: C:/Users/aaron/Documents/00-CPLD/maxV_chip/maxV_chip.vhd Line: 270
    Info (186218): Limited to 10 non-global destinations
Info (186228): Pin "LPC_RST" drives global clock, but is not placed in a dedicated clock pin position File: C:/Users/aaron/Documents/00-CPLD/maxV_chip/maxV_chip.vhd Line: 74
Info (186079): Completed Auto Global Promotion Operation
Info (176234): Starting register packing
Info (186468): Started processing fast register assignments
Info (186469): Finished processing fast register assignments
Info (176235): Finished register packing
Info (176214): Statistics of I/O pins that need to be placed that use the same VCCIO and VREF, before I/O pin placement
    Info (176211): Number of I/O pins in group: 3 (unused VREF, 3.3V VCCIO, 0 input, 3 output, 0 bidirectional)
        Info (176212): I/O standards used: 3.3-V LVTTL.
Info (176215): I/O bank details before I/O pin placement
    Info (176214): Statistics of I/O banks
        Info (176213): I/O bank number 1 does not use VREF pins and has 3.3V VCCIO pins. 21 total pin(s) used --  6 pins available
        Info (176213): I/O bank number 2 does not use VREF pins and has 3.3V VCCIO pins. 25 total pin(s) used --  2 pins available
Info (128000): Starting physical synthesis optimizations for speed
Info (128002): Starting physical synthesis algorithm register retiming
Info (128003): Physical synthesis algorithm register retiming complete: estimated slack improvement of 0 ps
Info (128002): Starting physical synthesis algorithm register retiming
Info (128003): Physical synthesis algorithm register retiming complete: estimated slack improvement of 0 ps
Info (128002): Starting physical synthesis algorithm combinational resynthesis using boolean division
Info (128003): Physical synthesis algorithm combinational resynthesis using boolean division complete: estimated slack improvement of 0 ps
Info (128002): Starting physical synthesis algorithm register retiming
Info (128003): Physical synthesis algorithm register retiming complete: estimated slack improvement of 0 ps
Info (128002): Starting physical synthesis algorithm register retiming
Info (128003): Physical synthesis algorithm register retiming complete: estimated slack improvement of 0 ps
Info (128002): Starting physical synthesis algorithm combinational resynthesis using boolean division
Info (128003): Physical synthesis algorithm combinational resynthesis using boolean division complete: estimated slack improvement of 0 ps
Info (128001): Physical synthesis optimizations for speed complete: elapsed time is 00:00:01
Warning (15705): Ignored locations or region assignments to the following nodes
    Warning (15706): Node "BANK[0]" is assigned to location or region, but does not exist in design
    Warning (15706): Node "BANK[1]" is assigned to location or region, but does not exist in design
    Warning (15706): Node "BANK[2]" is assigned to location or region, but does not exist in design
    Warning (15706): Node "CLK_50MHZ" is assigned to location or region, but does not exist in design
    Warning (15706): Node "LEDS[0]" is assigned to location or region, but does not exist in design
    Warning (15706): Node "LEDS[1]" is assigned to location or region, but does not exist in design
    Warning (15706): Node "LEDS[2]" is assigned to location or region, but does not exist in design
Info (171121): Fitter preparation operations ending: elapsed time is 00:00:02
Info (14896): Fitter has disabled Advanced Physical Optimization because it is not supported for the current family.
Info (170189): Fitter placement preparation operations beginning
Info (170190): Fitter placement preparation operations ending: elapsed time is 00:00:00
Info (170191): Fitter placement operations beginning
Info (170137): Fitter placement was successful
Info (170192): Fitter placement operations ending: elapsed time is 00:00:01
Info (170193): Fitter routing operations beginning
Info (170195): Router estimated average interconnect usage is 13% of the available device resources
    Info (170196): Router estimated peak interconnect usage is 13% of the available device resources in the region that extends from location X0_Y0 to location X8_Y5
Info (170194): Fitter routing operations ending: elapsed time is 00:00:00
Info (11888): Total time spent on timing analysis during the Fitter is 0.15 seconds.
Info (11218): Fitter post-fit operations ending: elapsed time is 00:00:00
Warning (171167): Found invalid Fitter assignments. See the Ignored Assignments panel in the Fitter Compilation Report for more information.
Warning (169174): The Reserve All Unused Pins setting has not been specified, and will default to 'As output driving ground'.
Info (144001): Generated suppressed messages file C:/Users/aaron/Documents/00-CPLD/maxV_chip/output_files/maxV_chip.fit.smsg
Info: Quartus Prime Fitter was successful. 0 errors, 11 warnings
    Info: Peak virtual memory: 5364 megabytes
    Info: Processing ended: Sun Dec 15 20:23:39 2019
    Info: Elapsed time: 00:00:04
    Info: Total CPU time (on all processors): 00:00:05


+----------------------------+
; Fitter Suppressed Messages ;
+----------------------------+
The suppressed messages can be found in C:/Users/aaron/Documents/00-CPLD/maxV_chip/output_files/maxV_chip.fit.smsg.


