Flow report for maxV_chip
Sun Dec 15 20:23:43 2019
Quartus Prime Version 18.1.0 Build 625 09/12/2018 SJ Lite Edition


---------------------
; Table of Contents ;
---------------------
  1. Legal Notice
  2. Flow Summary
  3. Flow Settings
  4. Flow Non-Default Global Settings
  5. Flow Elapsed Time
  6. Flow OS Summary
  7. Flow Log
  8. Flow Messages
  9. Flow Suppressed Messages



----------------
; Legal Notice ;
----------------
Copyright (C) 2018  Intel Corporation. All rights reserved.
Your use of Intel Corporation's design tools, logic functions 
and other software and tools, and its AMPP partner logic 
functions, and any output files from any of the foregoing 
(including device programming or simulation files), and any 
associated documentation or information are expressly subject 
to the terms and conditions of the Intel Program License 
Subscription Agreement, the Intel Quartus Prime License Agreement,
the Intel FPGA IP License Agreement, or other applicable license
agreement, including, without limitation, that your use is for
the sole purpose of programming logic devices manufactured by
Intel and sold by Intel or its authorized distributors.  Please
refer to the applicable agreement for further details.



+---------------------------------------------------------------------+
; Flow Summary                                                        ;
+-----------------------+---------------------------------------------+
; Flow Status           ; Successful - Sun Dec 15 20:23:41 2019       ;
; Quartus Prime Version ; 18.1.0 Build 625 09/12/2018 SJ Lite Edition ;
; Revision Name         ; maxV_chip                                   ;
; Top-level Entity Name ; MAXV_CHIP                                   ;
; Family                ; MAX V                                       ;
; Device                ; 5M160ZE64C5                                 ;
; Timing Models         ; Final                                       ;
; Total logic elements  ; 138 / 160 ( 86 % )                          ;
; Total pins            ; 49 / 54 ( 91 % )                            ;
; Total virtual pins    ; 0                                           ;
; UFM blocks            ; 0 / 1 ( 0 % )                               ;
+-----------------------+---------------------------------------------+


+-----------------------------------------+
; Flow Settings                           ;
+-------------------+---------------------+
; Option            ; Setting             ;
+-------------------+---------------------+
; Start date & time ; 12/15/2019 20:23:24 ;
; Main task         ; Compilation         ;
; Revision Name     ; maxV_chip           ;
+-------------------+---------------------+


+-------------------------------------------------------------------------------------------------------------------+
; Flow Non-Default Global Settings                                                                                  ;
+--------------------------------------+---------------------------------+---------------+-------------+------------+
; Assignment Name                      ; Value                           ; Default Value ; Entity Name ; Section Id ;
+--------------------------------------+---------------------------------+---------------+-------------+------------+
; COMPILER_SIGNATURE_ID                ; 247207020387694.157646660409492 ; --            ; --          ; --         ;
; FITTER_EFFORT                        ; Standard Fit                    ; Auto Fit      ; --          ; --         ;
; MAX_CORE_JUNCTION_TEMP               ; 85                              ; --            ; --          ; --         ;
; MIN_CORE_JUNCTION_TEMP               ; 0                               ; --            ; --          ; --         ;
; MUX_RESTRUCTURE                      ; Off                             ; Auto          ; --          ; --         ;
; NUM_PARALLEL_PROCESSORS              ; 4                               ; --            ; --          ; --         ;
; OPTIMIZATION_MODE                    ; Aggressive Performance          ; Balanced      ; --          ; --         ;
; PHYSICAL_SYNTHESIS_COMBO_LOGIC       ; On                              ; Off           ; --          ; --         ;
; PHYSICAL_SYNTHESIS_REGISTER_RETIMING ; On                              ; Off           ; --          ; --         ;
; PLACEMENT_EFFORT_MULTIPLIER          ; 4.0                             ; 1.0           ; --          ; --         ;
; POWER_PRESET_COOLING_SOLUTION        ; No Heat Sink With Still Air     ; --            ; --          ; --         ;
; PROJECT_OUTPUT_DIRECTORY             ; output_files                    ; --            ; --          ; --         ;
; ROUTER_TIMING_OPTIMIZATION_LEVEL     ; MAXIMUM                         ; Normal        ; --          ; --         ;
+--------------------------------------+---------------------------------+---------------+-------------+------------+


+--------------------------------------------------------------------------------------------------------------------------+
; Flow Elapsed Time                                                                                                        ;
+----------------------+--------------+-------------------------+---------------------+------------------------------------+
; Module Name          ; Elapsed Time ; Average Processors Used ; Peak Virtual Memory ; Total CPU Time (on all processors) ;
+----------------------+--------------+-------------------------+---------------------+------------------------------------+
; Analysis & Synthesis ; 00:00:11     ; 1.0                     ; 4770 MB             ; 00:00:22                           ;
; Fitter               ; 00:00:04     ; 1.1                     ; 5364 MB             ; 00:00:05                           ;
; Assembler            ; 00:00:01     ; 1.0                     ; 4659 MB             ; 00:00:01                           ;
; Timing Analyzer      ; 00:00:02     ; 1.0                     ; 4676 MB             ; 00:00:02                           ;
; Total                ; 00:00:18     ; --                      ; --                  ; 00:00:30                           ;
+----------------------+--------------+-------------------------+---------------------+------------------------------------+


+------------------------------------------------------------------------------------+
; Flow OS Summary                                                                    ;
+----------------------+------------------+------------+------------+----------------+
; Module Name          ; Machine Hostname ; OS Name    ; OS Version ; Processor type ;
+----------------------+------------------+------------+------------+----------------+
; Analysis & Synthesis ; OFFICE           ; Windows 10 ; 10.0       ; x86_64         ;
; Fitter               ; OFFICE           ; Windows 10 ; 10.0       ; x86_64         ;
; Assembler            ; OFFICE           ; Windows 10 ; 10.0       ; x86_64         ;
; Timing Analyzer      ; OFFICE           ; Windows 10 ; 10.0       ; x86_64         ;
+----------------------+------------------+------------+------------+----------------+


------------
; Flow Log ;
------------
quartus_map --read_settings_files=on --write_settings_files=off maxV_chip -c maxV_chip
quartus_fit --read_settings_files=off --write_settings_files=off maxV_chip -c maxV_chip
quartus_asm --read_settings_files=off --write_settings_files=off maxV_chip -c maxV_chip
quartus_sta maxV_chip -c maxV_chip



